<?xml version="1.0" encoding="UTF-8"?>
<!-- Generated by org.testng.reporters.JUnitXMLReporter -->
<testsuite ignored="0" hostname="Shweta" failures="0" tests="8" name="Surefire test" time="53.031" errors="0" timestamp="2025-02-20T00:01:59 IST">
  <testcase classname="com.qa.EcomPlay.tests.HomePageTest" name="HomePageTitleTest" time="0.219"/>
  <testcase classname="com.qa.EcomPlay.tests.HomePageTest" name="HomePageURLTest" time="0.002"/>
  <testcase classname="com.qa.EcomPlay.tests.HomePageTest" name="SearchTest" time="2.166"/>
  <testcase classname="com.qa.EcomPlay.tests.HomePageTest" name="SearchTest" time="0.61"/>
  <testcase classname="com.qa.EcomPlay.tests.HomePageTest" name="SearchTest" time="0.898"/>
  <testcase classname="com.qa.EcomPlay.tests.LoginPageTest" name="loginPageNavigationTest" time="1.087"/>
  <testcase classname="com.qa.EcomPlay.tests.LoginPageTest" name="forgotPwdLinkExistTests" time="3.065"/>
  <testcase classname="com.qa.EcomPlay.tests.LoginPageTest" name="appLogin" time="10.351"/>
</testsuite> <!-- Surefire test -->
