<?xml version="1.0" encoding="UTF-8"?>
<!-- Generated by org.testng.reporters.JUnitXMLReporter -->
<testsuite ignored="2" hostname="Shweta" failures="0" tests="3" name="Default test" time="20.663" errors="0" timestamp="2025-02-16T09:48:01 IST">
  <testcase classname="com.qa.EcomPlay.tests.HomePageTest" name="SearchTest" time="1.575"/>
  <testcase classname="com.qa.EcomPlay.tests.HomePageTest" name="SearchTest" time="0.747"/>
  <testcase classname="com.qa.EcomPlay.tests.HomePageTest" name="SearchTest" time="0.724"/>
  <testcase classname="com.qa.EcomPlay.tests.HomePageTest" name="HomePageURLTest" time="0.0">
    <ignored/>
  </testcase> <!-- HomePageURLTest -->
  <testcase classname="com.qa.EcomPlay.tests.HomePageTest" name="HomePageTitleTest" time="0.0">
    <ignored/>
  </testcase> <!-- HomePageTitleTest -->
</testsuite> <!-- Default test -->
