<?xml version="1.0" encoding="UTF-8"?>
<!-- Generated by org.testng.reporters.JUnitXMLReporter -->
<testsuite ignored="0" hostname="Shweta" failures="0" tests="8" name="Test" time="39.016" errors="0" timestamp="2025-02-15T23:48:23 IST">
  <testcase classname="com.qa.EcomPlay.tests.LoginPageTest" name="loginPageNavigationTest" time="0.56"/>
  <testcase classname="com.qa.EcomPlay.tests.LoginPageTest" name="forgotPwdLinkExistTests" time="3.032"/>
  <testcase classname="com.qa.EcomPlay.tests.LoginPageTest" name="appLogin" time="9.959"/>
  <testcase classname="com.qa.EcomPlay.tests.HomePageTest" name="HomePageTitleTest" time="0.124"/>
  <testcase classname="com.qa.EcomPlay.tests.HomePageTest" name="HomePageURLTest" time="0.003"/>
  <testcase classname="com.qa.EcomPlay.tests.HomePageTest" name="SearchTest" time="1.971"/>
  <testcase classname="com.qa.EcomPlay.tests.HomePageTest" name="SearchTest" time="0.6"/>
  <testcase classname="com.qa.EcomPlay.tests.HomePageTest" name="SearchTest" time="0.866"/>
</testsuite> <!-- Test -->
