<?xml version="1.0" encoding="UTF-8"?>
<!-- Generated by org.testng.reporters.JUnitXMLReporter -->
<testsuite ignored="0" hostname="Shweta" failures="0" tests="8" name="Test" time="46.819" errors="0" timestamp="2025-02-19T23:24:15 IST">
  <testcase classname="com.qa.EcomPlay.tests.LoginPageTest" name="loginPageNavigationTest" time="0.56"/>
  <testcase classname="com.qa.EcomPlay.tests.LoginPageTest" name="forgotPwdLinkExistTests" time="3.065"/>
  <testcase classname="com.qa.EcomPlay.tests.LoginPageTest" name="appLogin" time="10.002"/>
  <testcase classname="com.qa.EcomPlay.tests.HomePageTest" name="HomePageTitleTest" time="0.019"/>
  <testcase classname="com.qa.EcomPlay.tests.HomePageTest" name="HomePageURLTest" time="0.002"/>
  <testcase classname="com.qa.EcomPlay.tests.HomePageTest" name="SearchTest" time="2.263"/>
  <testcase classname="com.qa.EcomPlay.tests.HomePageTest" name="SearchTest" time="0.647"/>
  <testcase classname="com.qa.EcomPlay.tests.HomePageTest" name="SearchTest" time="0.812"/>
</testsuite> <!-- Test -->
