<?xml version="1.0" encoding="UTF-8"?>
<testng-results ignored="0" total="8" passed="8" failed="0" skipped="0">
  <reporter-output>
  </reporter-output>
  <suite started-at="2025-02-20T00:01:06 IST" name="Surefire suite" finished-at="2025-02-20T00:01:59 IST" duration-ms="53031">
    <groups>
    </groups>
    <test started-at="2025-02-20T00:01:06 IST" name="Surefire test" finished-at="2025-02-20T00:01:59 IST" duration-ms="53031">
      <class name="com.qa.EcomPlay.tests.HomePageTest">
        <test-method is-config="true" signature="startup()[pri:0, instance:com.qa.EcomPlay.tests.HomePageTest@5e82df6a]" started-at="2025-02-20T00:01:06 IST" name="startup" finished-at="2025-02-20T00:01:31 IST" duration-ms="25037" status="PASS">
          <reporter-output>
          </reporter-output>
        </test-method> <!-- startup -->
        <test-method signature="HomePageTitleTest()[pri:0, instance:com.qa.EcomPlay.tests.HomePageTest@5e82df6a]" started-at="2025-02-20T00:01:31 IST" name="HomePageTitleTest" finished-at="2025-02-20T00:01:32 IST" duration-ms="219" status="PASS">
          <reporter-output>
          </reporter-output>
        </test-method> <!-- HomePageTitleTest -->
        <test-method signature="HomePageURLTest()[pri:0, instance:com.qa.EcomPlay.tests.HomePageTest@5e82df6a]" started-at="2025-02-20T00:01:32 IST" name="HomePageURLTest" finished-at="2025-02-20T00:01:32 IST" duration-ms="2" status="PASS">
          <reporter-output>
          </reporter-output>
        </test-method> <!-- HomePageURLTest -->
        <test-method signature="SearchTest(java.lang.String)[pri:0, instance:com.qa.EcomPlay.tests.HomePageTest@5e82df6a]" started-at="2025-02-20T00:01:32 IST" name="SearchTest" data-provider="getProductData" finished-at="2025-02-20T00:01:34 IST" duration-ms="2166" status="PASS">
          <params>
            <param index="0">
              <value>
                <![CDATA[Macbook]]>
              </value>
            </param>
          </params>
          <reporter-output>
          </reporter-output>
        </test-method> <!-- SearchTest -->
        <test-method signature="SearchTest(java.lang.String)[pri:0, instance:com.qa.EcomPlay.tests.HomePageTest@5e82df6a]" started-at="2025-02-20T00:01:34 IST" name="SearchTest" data-provider="getProductData" finished-at="2025-02-20T00:01:34 IST" duration-ms="610" status="PASS">
          <params>
            <param index="0">
              <value>
                <![CDATA[Imac]]>
              </value>
            </param>
          </params>
          <reporter-output>
          </reporter-output>
        </test-method> <!-- SearchTest -->
        <test-method signature="SearchTest(java.lang.String)[pri:0, instance:com.qa.EcomPlay.tests.HomePageTest@5e82df6a]" started-at="2025-02-20T00:01:34 IST" name="SearchTest" data-provider="getProductData" finished-at="2025-02-20T00:01:35 IST" duration-ms="898" status="PASS">
          <params>
            <param index="0">
              <value>
                <![CDATA[Samsung]]>
              </value>
            </param>
          </params>
          <reporter-output>
          </reporter-output>
        </test-method> <!-- SearchTest -->
        <test-method is-config="true" signature="tearDown()[pri:0, instance:com.qa.EcomPlay.tests.HomePageTest@5e82df6a]" started-at="2025-02-20T00:01:35 IST" name="tearDown" finished-at="2025-02-20T00:01:36 IST" duration-ms="380" status="PASS">
          <reporter-output>
          </reporter-output>
        </test-method> <!-- tearDown -->
      </class> <!-- com.qa.EcomPlay.tests.HomePageTest -->
      <class name="com.qa.EcomPlay.tests.LoginPageTest">
        <test-method is-config="true" signature="startup()[pri:0, instance:com.qa.EcomPlay.tests.LoginPageTest@3f197a46]" started-at="2025-02-20T00:01:36 IST" name="startup" finished-at="2025-02-20T00:01:45 IST" duration-ms="8745" status="PASS">
          <reporter-output>
          </reporter-output>
        </test-method> <!-- startup -->
        <test-method signature="loginPageNavigationTest()[pri:1, instance:com.qa.EcomPlay.tests.LoginPageTest@3f197a46]" started-at="2025-02-20T00:01:45 IST" name="loginPageNavigationTest" finished-at="2025-02-20T00:01:46 IST" duration-ms="1087" status="PASS">
          <reporter-output>
          </reporter-output>
        </test-method> <!-- loginPageNavigationTest -->
        <test-method signature="forgotPwdLinkExistTests()[pri:2, instance:com.qa.EcomPlay.tests.LoginPageTest@3f197a46]" started-at="2025-02-20T00:01:46 IST" name="forgotPwdLinkExistTests" finished-at="2025-02-20T00:01:49 IST" duration-ms="3065" status="PASS">
          <reporter-output>
          </reporter-output>
        </test-method> <!-- forgotPwdLinkExistTests -->
        <test-method signature="appLogin()[pri:3, instance:com.qa.EcomPlay.tests.LoginPageTest@3f197a46]" started-at="2025-02-20T00:01:49 IST" name="appLogin" finished-at="2025-02-20T00:01:59 IST" duration-ms="10351" status="PASS">
          <reporter-output>
          </reporter-output>
        </test-method> <!-- appLogin -->
        <test-method is-config="true" signature="tearDown()[pri:0, instance:com.qa.EcomPlay.tests.LoginPageTest@3f197a46]" started-at="2025-02-20T00:01:59 IST" name="tearDown" finished-at="2025-02-20T00:01:59 IST" duration-ms="353" status="PASS">
          <reporter-output>
          </reporter-output>
        </test-method> <!-- tearDown -->
      </class> <!-- com.qa.EcomPlay.tests.LoginPageTest -->
    </test> <!-- Surefire test -->
  </suite> <!-- Surefire suite -->
</testng-results>
