<?xml version="1.0" encoding="UTF-8"?>
<testsuite xmlns:xsi="http://www.w3.org/2001/XMLSchema-instance" xsi:noNamespaceSchemaLocation="https://maven.apache.org/surefire/maven-surefire-plugin/xsd/surefire-test-report.xsd" version="3.0.1" name="TestSuite" time="54.086" tests="8" errors="0" skipped="0" failures="0">
  <properties>
[...]
</properties>
  <testcase name="HomePageTitleTest" classname="com.qa.EcomPlay.tests.HomePageTest" time="0.235">
    <system-out><![CDATA[Browser name is: chrome
Page Title: Your Store
]]></system-out>
  </testcase>
  <testcase name="HomePageURLTest" classname="com.qa.EcomPlay.tests.HomePageTest" time="0.001">
    <system-out><![CDATA[Page URL: https://ecommerce-playground.lambdatest.io/index.php?route=common/home
]]></system-out>
  </testcase>
  <testcase name="SearchTest[Macbook](1)" classname="com.qa.EcomPlay.tests.HomePageTest" time="2.169">
    <system-out><![CDATA[Header : Search - Macbook
]]></system-out>
  </testcase>
  <testcase name="SearchTest[Imac](2)" classname="com.qa.EcomPlay.tests.HomePageTest" time="0.602">
    <system-out><![CDATA[Header : Search - Imac
]]></system-out>
  </testcase>
  <testcase name="SearchTest[Samsung](3)" classname="com.qa.EcomPlay.tests.HomePageTest" time="0.901">
    <system-out><![CDATA[Header : Search - Samsung
]]></system-out>
  </testcase>
  <testcase name="loginPageNavigationTest" classname="com.qa.EcomPlay.tests.LoginPageTest" time="1.088">
    <system-out><![CDATA[Browser name is: chrome
Page TitleAccount Login
]]></system-out>
  </testcase>
  <testcase name="forgotPwdLinkExistTests" classname="com.qa.EcomPlay.tests.LoginPageTest" time="3.07">
    <system-out><![CDATA[ForgotPwdflow check2
]]></system-out>
  </testcase>
  <testcase name="appLogin" classname="com.qa.EcomPlay.tests.LoginPageTest" time="10.349">
    <system-out><![CDATA[App credentials: Playwright@adi.com&Playwright@123
LogoutSuccessfully started ....
LogoutSuccessfully ....
]]></system-out>
  </testcase>
</testsuite>