<?xml version="1.0" encoding="UTF-8"?>
<testng-results ignored="0" total="3" passed="3" failed="0" skipped="0">
  <reporter-output>
  </reporter-output>
  <suite started-at="2025-02-16T09:47:40 IST" name="Default suite" finished-at="2025-02-16T09:48:01 IST" duration-ms="20663">
    <groups>
    </groups>
    <test started-at="2025-02-16T09:47:40 IST" name="Default test" finished-at="2025-02-16T09:48:01 IST" duration-ms="20663">
      <class name="com.qa.EcomPlay.tests.HomePageTest">
        <test-method is-config="true" signature="startup()[pri:0, instance:com.qa.EcomPlay.tests.HomePageTest@30f842ca]" started-at="2025-02-16T09:47:40 IST" name="startup" finished-at="2025-02-16T09:47:57 IST" duration-ms="17250" status="PASS">
          <reporter-output>
          </reporter-output>
        </test-method> <!-- startup -->
        <test-method signature="SearchTest(java.lang.String)[pri:0, instance:com.qa.EcomPlay.tests.HomePageTest@30f842ca]" started-at="2025-02-16T09:47:57 IST" name="SearchTest" data-provider="getProductData" finished-at="2025-02-16T09:47:59 IST" duration-ms="1575" status="PASS">
          <params>
            <param index="0">
              <value>
                <![CDATA[Macbook]]>
              </value>
            </param>
          </params>
          <reporter-output>
          </reporter-output>
        </test-method> <!-- SearchTest -->
        <test-method signature="SearchTest(java.lang.String)[pri:0, instance:com.qa.EcomPlay.tests.HomePageTest@30f842ca]" started-at="2025-02-16T09:47:59 IST" name="SearchTest" data-provider="getProductData" finished-at="2025-02-16T09:48:00 IST" duration-ms="747" status="PASS">
          <params>
            <param index="0">
              <value>
                <![CDATA[Imac]]>
              </value>
            </param>
          </params>
          <reporter-output>
          </reporter-output>
        </test-method> <!-- SearchTest -->
        <test-method signature="SearchTest(java.lang.String)[pri:0, instance:com.qa.EcomPlay.tests.HomePageTest@30f842ca]" started-at="2025-02-16T09:48:00 IST" name="SearchTest" data-provider="getProductData" finished-at="2025-02-16T09:48:00 IST" duration-ms="724" status="PASS">
          <params>
            <param index="0">
              <value>
                <![CDATA[Samsung]]>
              </value>
            </param>
          </params>
          <reporter-output>
          </reporter-output>
        </test-method> <!-- SearchTest -->
        <test-method is-config="true" signature="tearDown()[pri:0, instance:com.qa.EcomPlay.tests.HomePageTest@30f842ca]" started-at="2025-02-16T09:48:00 IST" name="tearDown" finished-at="2025-02-16T09:48:01 IST" duration-ms="297" status="PASS">
          <reporter-output>
          </reporter-output>
        </test-method> <!-- tearDown -->
      </class> <!-- com.qa.EcomPlay.tests.HomePageTest -->
    </test> <!-- Default test -->
  </suite> <!-- Default suite -->
</testng-results>
